0 info it worked if it ends with ok
1 verbose cli [ 'node', '/usr/local/bin/npm', 'install', '-g', 'bower' ]
2 info using npm@2.7.4
3 info using node@v0.12.2
4 silly cache add args [ 'bower', null ]
5 verbose cache add spec bower
6 silly cache add parsed spec { raw: 'bower',
6 silly cache add   scope: null,
6 silly cache add   name: 'bower',
6 silly cache add   rawSpec: '',
6 silly cache add   spec: '*',
6 silly cache add   type: 'range' }
7 verbose addNamed bower@*
8 silly addNamed semver.valid null
9 silly addNamed semver.validRange *
10 silly addNameRange { name: 'bower', range: '*', hasData: false }
11 silly mapToRegistry name bower
12 silly mapToRegistry using default registry
13 silly mapToRegistry registry https://registry.npmjs.org/
14 silly mapToRegistry uri https://registry.npmjs.org/bower
15 verbose addNameRange registry:https://registry.npmjs.org/bower not in flight; fetching
16 verbose request uri https://registry.npmjs.org/bower
17 verbose request no auth needed
18 info attempt registry request try #1 at 20:20:34
19 verbose request id b4138063f6244271
20 verbose etag "7EYHE4E0SXDJ3PAICMHRFRQ5X"
21 http request GET https://registry.npmjs.org/bower
22 http 200 https://registry.npmjs.org/bower
23 silly get cb [ 200,
23 silly get   { server: 'CouchDB/1.5.0 (Erlang OTP/R16B03)',
23 silly get     etag: '"2DO4TXGIB6P2EB5Z48L05AFL6"',
23 silly get     'content-type': 'application/json',
23 silly get     'content-encoding': 'gzip',
23 silly get     'cache-control': 'max-age=300',
23 silly get     'content-length': '20384',
23 silly get     'accept-ranges': 'bytes',
23 silly get     date: 'Thu, 28 Apr 2016 12:20:35 GMT',
23 silly get     via: '1.1 varnish',
23 silly get     age: '190',
23 silly get     connection: 'keep-alive',
23 silly get     'x-served-by': 'cache-sin6921-SIN',
23 silly get     'x-cache': 'HIT',
23 silly get     'x-cache-hits': '3',
23 silly get     'x-timer': 'S1461846035.929526,VS0,VE0',
23 silly get     vary: 'Accept-Encoding' } ]
24 verbose get saving bower to /Users/terence/.npm/registry.npmjs.org/bower/.cache.json
25 silly addNameRange number 2 { name: 'bower', range: '*', hasData: true }
26 silly addNameRange versions [ 'bower',
26 silly addNameRange   [ '0.1.0',
26 silly addNameRange     '0.1.2',
26 silly addNameRange     '0.1.3',
26 silly addNameRange     '0.2.0',
26 silly addNameRange     '0.3.0',
26 silly addNameRange     '0.3.1',
26 silly addNameRange     '0.3.2',
26 silly addNameRange     '0.4.0',
26 silly addNameRange     '0.5.0',
26 silly addNameRange     '0.5.1',
26 silly addNameRange     '0.6.0',
26 silly addNameRange     '0.6.1',
26 silly addNameRange     '0.6.2',
26 silly addNameRange     '0.6.3',
26 silly addNameRange     '0.6.4',
26 silly addNameRange     '0.6.5',
26 silly addNameRange     '0.6.6',
26 silly addNameRange     '0.6.7',
26 silly addNameRange     '0.6.8',
26 silly addNameRange     '0.7.0',
26 silly addNameRange     '0.7.1',
26 silly addNameRange     '0.8.0',
26 silly addNameRange     '0.8.1',
26 silly addNameRange     '0.8.2',
26 silly addNameRange     '0.8.3',
26 silly addNameRange     '0.8.4',
26 silly addNameRange     '0.8.5',
26 silly addNameRange     '0.8.6',
26 silly addNameRange     '0.9.0',
26 silly addNameRange     '0.9.1',
26 silly addNameRange     '0.9.2',
26 silly addNameRange     '0.10.0',
26 silly addNameRange     '1.0.0',
26 silly addNameRange     '1.0.1',
26 silly addNameRange     '1.0.2',
26 silly addNameRange     '1.0.3',
26 silly addNameRange     '1.1.0',
26 silly addNameRange     '1.1.1',
26 silly addNameRange     '1.1.2',
26 silly addNameRange     '1.2.0',
26 silly addNameRange     '1.2.1',
26 silly addNameRange     '1.2.2',
26 silly addNameRange     '1.2.3',
26 silly addNameRange     '1.2.4',
26 silly addNameRange     '1.2.5',
26 silly addNameRange     '1.2.6',
26 silly addNameRange     '1.2.7',
26 silly addNameRange     '1.2.8',
26 silly addNameRange     '1.3.0',
26 silly addNameRange     '1.3.1',
26 silly addNameRange     '1.3.2',
26 silly addNameRange     '1.3.3',
26 silly addNameRange     '1.3.4',
26 silly addNameRange     '1.3.5',
26 silly addNameRange     '1.3.6',
26 silly addNameRange     '1.3.7',
26 silly addNameRange     '1.3.8',
26 silly addNameRange     '1.3.9',
26 silly addNameRange     '1.3.10',
26 silly addNameRange     '1.3.11',
26 silly addNameRange     '1.3.12',
26 silly addNameRange     '1.4.0',
26 silly addNameRange     '1.4.1',
26 silly addNameRange     '1.5.0',
26 silly addNameRange     '1.5.1',
26 silly addNameRange     '1.5.2',
26 silly addNameRange     '1.5.3',
26 silly addNameRange     '1.6.2',
26 silly addNameRange     '1.6.3',
26 silly addNameRange     '1.6.4',
26 silly addNameRange     '1.6.5',
26 silly addNameRange     '1.5.4',
26 silly addNameRange     '1.4.2',
26 silly addNameRange     '1.6.6',
26 silly addNameRange     '1.6.7',
26 silly addNameRange     '1.6.8',
26 silly addNameRange     '1.6.9',
26 silly addNameRange     '1.7.0',
26 silly addNameRange     '1.7.1',
26 silly addNameRange     '1.7.2',
26 silly addNameRange     '1.7.5',
26 silly addNameRange     '1.7.6',
26 silly addNameRange     '1.7.7',
26 silly addNameRange     '1.7.8',
26 silly addNameRange     '1.7.9' ] ]
27 verbose addNamed bower@1.7.9
28 silly addNamed semver.valid 1.7.9
29 silly addNamed semver.validRange 1.7.9
30 silly cache afterAdd bower@1.7.9
31 verbose afterAdd /Users/terence/.npm/bower/1.7.9/package/package.json not in flight; writing
32 verbose afterAdd /Users/terence/.npm/bower/1.7.9/package/package.json written
33 silly install resolved [ { name: 'bower',
33 silly install resolved     version: '1.7.9',
33 silly install resolved     description: 'The browser package manager',
33 silly install resolved     author: { name: 'Twitter' },
33 silly install resolved     license: 'MIT',
33 silly install resolved     repository: { type: 'git', url: 'git+https://github.com/bower/bower.git' },
33 silly install resolved     main: 'lib',
33 silly install resolved     bin: { bower: 'bin/bower' },
33 silly install resolved     homepage: 'http://bower.io',
33 silly install resolved     engines: { node: '>=0.10.0' },
33 silly install resolved     keywords: [ 'bower' ],
33 silly install resolved     files: [ 'bin', 'lib' ],
33 silly install resolved     bugs: { url: 'https://github.com/bower/bower/issues' },
33 silly install resolved     _id: 'bower@1.7.9',
33 silly install resolved     scripts: {},
33 silly install resolved     _shasum: 'b7296c2393e0d75edaa6ca39648132dd255812b0',
33 silly install resolved     _from: 'bower@*',
33 silly install resolved     _npmVersion: '3.7.3',
33 silly install resolved     _nodeVersion: '5.9.0',
33 silly install resolved     _npmUser: { name: 'sheerun', email: 'sheerun@sher.pl' },
33 silly install resolved     dist:
33 silly install resolved      { shasum: 'b7296c2393e0d75edaa6ca39648132dd255812b0',
33 silly install resolved        tarball: 'https://registry.npmjs.org/bower/-/bower-1.7.9.tgz' },
33 silly install resolved     maintainers:
33 silly install resolved      [ [Object],
33 silly install resolved        [Object],
33 silly install resolved        [Object],
33 silly install resolved        [Object],
33 silly install resolved        [Object],
33 silly install resolved        [Object],
33 silly install resolved        [Object] ],
33 silly install resolved     _npmOperationalInternal:
33 silly install resolved      { host: 'packages-12-west.internal.npmjs.com',
33 silly install resolved        tmp: 'tmp/bower-1.7.9.tgz_1459857239351_0.9720134933013469' },
33 silly install resolved     directories: {},
33 silly install resolved     _resolved: 'https://registry.npmjs.org/bower/-/bower-1.7.9.tgz',
33 silly install resolved     readme: 'ERROR: No README data found!' } ]
34 info install bower@1.7.9 into /usr/local/lib
35 info installOne bower@1.7.9
36 verbose installOne of bower to /usr/local/lib not in flight; installing
37 verbose lock using /Users/terence/.npm/_locks/bower-e8debc5417026b57.lock for /usr/local/lib/node_modules/bower
38 silly install write writing bower 1.7.9 to /usr/local/lib/node_modules/bower
39 silly cache addNamed cb bower@1.7.9
40 verbose unbuild lib/node_modules/bower
41 silly gentlyRm /usr/local/lib/node_modules/bower is being purged from base /usr/local
42 verbose gentlyRm don't care about contents; nuking /usr/local/lib/node_modules/bower
43 verbose tar unpack /Users/terence/.npm/bower/1.7.9/package.tgz
44 verbose tar unpacking to /usr/local/lib/node_modules/bower
45 silly gentlyRm /usr/local/lib/node_modules/bower is being purged
46 verbose gentlyRm don't care about contents; nuking /usr/local/lib/node_modules/bower
47 silly gunzTarPerm modes [ '755', '644' ]
48 error tar.unpack untar error /Users/terence/.npm/bower/1.7.9/package.tgz
49 verbose unlock done using /Users/terence/.npm/_locks/bower-e8debc5417026b57.lock for /usr/local/lib/node_modules/bower
50 verbose fstream_path /usr/local/lib/node_modules/bower
51 verbose fstream_type Directory
52 verbose fstream_class DirWriter
53 verbose stack Error: EACCES, mkdir '/usr/local/lib/node_modules/bower'
53 verbose stack     at Error (native)
54 verbose fstream_stack /usr/local/lib/node_modules/npm/node_modules/fstream/lib/dir-writer.js:36:23
54 verbose fstream_stack /usr/local/lib/node_modules/npm/node_modules/mkdirp/index.js:46:53
54 verbose fstream_stack FSReqWrap.oncomplete (fs.js:95:15)
55 verbose cwd /Users/terence/Desktop/web front end/practice_prj/form_practice
56 error Darwin 15.0.0
57 error argv "node" "/usr/local/bin/npm" "install" "-g" "bower"
58 error node v0.12.2
59 error npm  v2.7.4
60 error path /usr/local/lib/node_modules/bower
61 error code EACCES
62 error errno -13
63 error Error: EACCES, mkdir '/usr/local/lib/node_modules/bower'
63 error     at Error (native)
63 error  { [Error: EACCES, mkdir '/usr/local/lib/node_modules/bower']
63 error   errno: -13,
63 error   code: 'EACCES',
63 error   path: '/usr/local/lib/node_modules/bower',
63 error   fstream_type: 'Directory',
63 error   fstream_path: '/usr/local/lib/node_modules/bower',
63 error   fstream_class: 'DirWriter',
63 error   fstream_stack:
63 error    [ '/usr/local/lib/node_modules/npm/node_modules/fstream/lib/dir-writer.js:36:23',
63 error      '/usr/local/lib/node_modules/npm/node_modules/mkdirp/index.js:46:53',
63 error      'FSReqWrap.oncomplete (fs.js:95:15)' ] }
64 error Please try running this command again as root/Administrator.
65 verbose exit [ -13, true ]
66 verbose unbuild lib/node_modules/bower
67 silly gentlyRm /usr/local/lib/node_modules/bower is being purged from base /usr/local
68 verbose gentlyRm don't care about contents; nuking /usr/local/lib/node_modules/bower
